<?xml version="1.0" encoding="UTF-8"?>
<testsuite name="three.etude.EtudeApplicationTests" tests="1" skipped="0" failures="0" errors="0" timestamp="2021-08-10T16:21:41" hostname="DESKTOP-KPT8GIA" time="0.247">
  <properties/>
  <testcase name="contextLoads()" classname="three.etude.EtudeApplicationTests" time="0.247"/>
  <system-out><![CDATA[01:21:39.492 [Test worker] DEBUG org.springframework.test.context.BootstrapUtils - Instantiating CacheAwareContextLoaderDelegate from class [org.springframework.test.context.cache.DefaultCacheAwareContextLoaderDelegate]
01:21:39.502 [Test worker] DEBUG org.springframework.test.context.BootstrapUtils - Instantiating BootstrapContext using constructor [public org.springframework.test.context.support.DefaultBootstrapContext(java.lang.Class,org.springframework.test.context.CacheAwareContextLoaderDelegate)]
01:21:39.525 [Test worker] DEBUG org.springframework.test.context.BootstrapUtils - Instantiating TestContextBootstrapper for test class [three.etude.EtudeApplicationTests] from class [org.springframework.boot.test.context.SpringBootTestContextBootstrapper]
01:21:39.534 [Test worker] INFO org.springframework.boot.test.context.SpringBootTestContextBootstrapper - Neither @ContextConfiguration nor @ContextHierarchy found for test class [three.etude.EtudeApplicationTests], using SpringBootContextLoader
01:21:39.537 [Test worker] DEBUG org.springframework.test.context.support.AbstractContextLoader - Did not detect default resource location for test class [three.etude.EtudeApplicationTests]: class path resource [three/etude/EtudeApplicationTests-context.xml] does not exist
01:21:39.537 [Test worker] DEBUG org.springframework.test.context.support.AbstractContextLoader - Did not detect default resource location for test class [three.etude.EtudeApplicationTests]: class path resource [three/etude/EtudeApplicationTestsContext.groovy] does not exist
01:21:39.537 [Test worker] INFO org.springframework.test.context.support.AbstractContextLoader - Could not detect default resource locations for test class [three.etude.EtudeApplicationTests]: no resource found for suffixes {-context.xml, Context.groovy}.
01:21:39.538 [Test worker] INFO org.springframework.test.context.support.AnnotationConfigContextLoaderUtils - Could not detect default configuration classes for test class [three.etude.EtudeApplicationTests]: EtudeApplicationTests does not declare any static, non-private, non-final, nested classes annotated with @Configuration.
01:21:39.568 [Test worker] DEBUG org.springframework.test.context.support.ActiveProfilesUtils - Could not find an 'annotation declaring class' for annotation type [org.springframework.test.context.ActiveProfiles] and class [three.etude.EtudeApplicationTests]
01:21:39.612 [Test worker] DEBUG org.springframework.context.annotation.ClassPathScanningCandidateComponentProvider - Identified candidate component class: file [C:\etude\etude\build\classes\java\main\three\etude\EtudeApplication.class]
01:21:39.616 [Test worker] INFO org.springframework.boot.test.context.SpringBootTestContextBootstrapper - Found @SpringBootConfiguration three.etude.EtudeApplication for test class three.etude.EtudeApplicationTests
01:21:39.691 [Test worker] DEBUG org.springframework.boot.test.context.SpringBootTestContextBootstrapper - @TestExecutionListeners is not present for class [three.etude.EtudeApplicationTests]: using defaults.
01:21:39.691 [Test worker] INFO org.springframework.boot.test.context.SpringBootTestContextBootstrapper - Loaded default TestExecutionListener class names from location [META-INF/spring.factories]: [org.springframework.security.test.context.support.WithSecurityContextTestExecutionListener, org.springframework.security.test.context.support.ReactorContextTestExecutionListener, org.springframework.boot.test.autoconfigure.restdocs.RestDocsTestExecutionListener, org.springframework.boot.test.autoconfigure.web.client.MockRestServiceServerResetTestExecutionListener, org.springframework.boot.test.autoconfigure.web.servlet.MockMvcPrintOnlyOnFailureTestExecutionListener, org.springframework.boot.test.autoconfigure.web.servlet.WebDriverTestExecutionListener, org.springframework.boot.test.autoconfigure.webservices.client.MockWebServiceServerTestExecutionListener, org.springframework.boot.test.mock.mockito.MockitoTestExecutionListener, org.springframework.boot.test.mock.mockito.ResetMocksTestExecutionListener, org.springframework.test.context.web.ServletTestExecutionListener, org.springframework.test.context.support.DirtiesContextBeforeModesTestExecutionListener, org.springframework.test.context.event.ApplicationEventsTestExecutionListener, org.springframework.test.context.support.DependencyInjectionTestExecutionListener, org.springframework.test.context.support.DirtiesContextTestExecutionListener, org.springframework.test.context.transaction.TransactionalTestExecutionListener, org.springframework.test.context.jdbc.SqlScriptsTestExecutionListener, org.springframework.test.context.event.EventPublishingTestExecutionListener]
01:21:39.716 [Test worker] INFO org.springframework.boot.test.context.SpringBootTestContextBootstrapper - Using TestExecutionListeners: [org.springframework.test.context.web.ServletTestExecutionListener@72eeca39, org.springframework.test.context.support.DirtiesContextBeforeModesTestExecutionListener@73db9076, org.springframework.test.context.event.ApplicationEventsTestExecutionListener@6ed606c7, org.springframework.boot.test.mock.mockito.MockitoTestExecutionListener@273e8046, org.springframework.boot.test.autoconfigure.SpringBootDependencyInjectionTestExecutionListener@2305399a, org.springframework.test.context.support.DirtiesContextTestExecutionListener@c7255ac, org.springframework.test.context.transaction.TransactionalTestExecutionListener@524c9adb, org.springframework.test.context.jdbc.SqlScriptsTestExecutionListener@1a31c64, org.springframework.security.test.context.support.WithSecurityContextTestExecutionListener@be02c23, org.springframework.test.context.event.EventPublishingTestExecutionListener@1521c7c6, org.springframework.security.test.context.support.ReactorContextTestExecutionListener@238d1dfb, org.springframework.boot.test.autoconfigure.restdocs.RestDocsTestExecutionListener@3a5465d2, org.springframework.boot.test.autoconfigure.web.client.MockRestServiceServerResetTestExecutionListener@30dfc78f, org.springframework.boot.test.autoconfigure.web.servlet.MockMvcPrintOnlyOnFailureTestExecutionListener@2bdb39a5, org.springframework.boot.test.autoconfigure.web.servlet.WebDriverTestExecutionListener@60f28be0, org.springframework.boot.test.autoconfigure.webservices.client.MockWebServiceServerTestExecutionListener@799118d9, org.springframework.boot.test.mock.mockito.ResetMocksTestExecutionListener@373c5bdb]
01:21:39.718 [Test worker] DEBUG org.springframework.test.context.support.AbstractDirtiesContextTestExecutionListener - Before test class: context [DefaultTestContext@7d796535 testClass = EtudeApplicationTests, testInstance = [null], testMethod = [null], testException = [null], mergedContextConfiguration = [WebMergedContextConfiguration@182b16bf testClass = EtudeApplicationTests, locations = '{}', classes = '{class three.etude.EtudeApplication}', contextInitializerClasses = '[]', activeProfiles = '{}', propertySourceLocations = '{}', propertySourceProperties = '{org.springframework.boot.test.context.SpringBootTestContextBootstrapper=true}', contextCustomizers = set[org.springframework.boot.test.autoconfigure.actuate.metrics.MetricsExportContextCustomizerFactory$DisableMetricExportContextCustomizer@7eb6d9bd, org.springframework.boot.test.autoconfigure.properties.PropertyMappingContextCustomizer@0, org.springframework.boot.test.autoconfigure.web.servlet.WebDriverContextCustomizerFactory$Customizer@6f684892, org.springframework.boot.test.context.filter.ExcludeFilterContextCustomizer@515b1b4f, org.springframework.boot.test.json.DuplicateJsonObjectContextCustomizerFactory$DuplicateJsonObjectContextCustomizer@50897b34, org.springframework.boot.test.mock.mockito.MockitoContextCustomizer@0, org.springframework.boot.test.web.client.TestRestTemplateContextCustomizer@7552d3d3, org.springframework.boot.test.context.SpringBootTestArgs@1, org.springframework.boot.test.context.SpringBootTestWebEnvironment@2a384708], resourceBasePath = 'src/main/webapp', contextLoader = 'org.springframework.boot.test.context.SpringBootContextLoader', parent = [null]], attributes = map['org.springframework.test.context.web.ServletTestExecutionListener.activateListener' -> true]], class annotated with @DirtiesContext [false] with mode [null].
01:21:39.744 [Test worker] DEBUG org.springframework.test.context.support.TestPropertySourceUtils - Adding inlined properties to environment: {spring.jmx.enabled=false, org.springframework.boot.test.context.SpringBootTestContextBootstrapper=true}

  .   ____          _            __ _ _
 /\\ / ___'_ __ _ _(_)_ __  __ _ \ \ \ \
( ( )\___ | '_ | '_| | '_ \/ _` | \ \ \ \
 \\/  ___)| |_)| | | | | || (_| |  ) ) ) )
  '  |____| .__|_| |_|_| |_\__, | / / / /
 =========|_|==============|___/=/_/_/_/
 :: Spring Boot ::                (v2.5.3)

2021-08-11 01:21:39.945  INFO 10700 --- [    Test worker] three.etude.EtudeApplicationTests        : Starting EtudeApplicationTests using Java 11.0.12 on DESKTOP-KPT8GIA with PID 10700 (started by 이소금 in C:\etude\etude)
2021-08-11 01:21:39.948  INFO 10700 --- [    Test worker] three.etude.EtudeApplicationTests        : No active profile set, falling back to default profiles: default
2021-08-11 01:21:41.049  INFO 10700 --- [    Test worker] o.s.b.a.w.s.WelcomePageHandlerMapping    : Adding welcome page: class path resource [static/index.html]
2021-08-11 01:21:41.280  INFO 10700 --- [    Test worker] .s.s.UserDetailsServiceAutoConfiguration : 

Using generated security password: 1643792c-2f91-4396-b0ea-756a8120e298

2021-08-11 01:21:41.471  INFO 10700 --- [    Test worker] o.s.s.web.DefaultSecurityFilterChain     : Will secure any request with [org.springframework.security.web.context.request.async.WebAsyncManagerIntegrationFilter@104d2558, org.springframework.security.web.context.SecurityContextPersistenceFilter@5b54f72b, org.springframework.security.web.header.HeaderWriterFilter@7be7eb62, org.springframework.security.web.csrf.CsrfFilter@46ce70d3, org.springframework.security.web.authentication.logout.LogoutFilter@27bd445b, org.springframework.security.web.authentication.UsernamePasswordAuthenticationFilter@3da8bb73, org.springframework.security.web.authentication.ui.DefaultLoginPageGeneratingFilter@1826c3c9, org.springframework.security.web.authentication.ui.DefaultLogoutPageGeneratingFilter@643a9953, org.springframework.security.web.authentication.www.BasicAuthenticationFilter@49f4f578, org.springframework.security.web.savedrequest.RequestCacheAwareFilter@27cee4fa, org.springframework.security.web.servletapi.SecurityContextHolderAwareRequestFilter@72b7ab15, org.springframework.security.web.authentication.AnonymousAuthenticationFilter@a8bff99, org.springframework.security.web.session.SessionManagementFilter@4777fea4, org.springframework.security.web.access.ExceptionTranslationFilter@772ec991, org.springframework.security.web.access.intercept.FilterSecurityInterceptor@58e96c7e]
2021-08-11 01:21:41.558  INFO 10700 --- [    Test worker] three.etude.EtudeApplicationTests        : Started EtudeApplicationTests in 1.809 seconds (JVM running for 2.706)
]]></system-out>
  <system-err><![CDATA[]]></system-err>
</testsuite>
